12:14:51.004 INFO - Selenium build info: version: '3.6.0', revision: '6fbf3ec767'
12:14:51.004 INFO - Launching a standalone Selenium Server
2017-11-04 12:14:51.020:INFO::main: Logging initialized @241ms to org.seleniumhq.jetty9.util.log.StdErrLog
12:14:51.051 INFO - Driver class not found: com.opera.core.systems.OperaDriver
12:14:51.067 INFO - Driver provider class org.openqa.selenium.safari.SafariDriver registration is skipped:
 registration capabilities Capabilities [{browserName=safari, version=, platform=MAC}] does not match the current platform WIN10
12:14:51.102 INFO - Using the passthrough mode handler
2017-11-04 12:14:51.105:INFO:osjs.Server:main: jetty-9.4.5.v20170502
2017-11-04 12:14:51.120:WARN:osjs.SecurityHandler:main: ServletContext@o.s.j.s.ServletContextHandler@247bddad{/,null,STARTING} has uncovered http methods for path: /
2017-11-04 12:14:51.120:INFO:osjsh.ContextHandler:main: Started o.s.j.s.ServletContextHandler@247bddad{/,null,AVAILABLE}
2017-11-04 12:14:51.167:INFO:osjs.AbstractConnector:main: Started ServerConnector@6631f5ca{HTTP/1.1,[http/1.1]}{0.0.0.0:4444}
2017-11-04 12:14:51.167:INFO:osjs.Server:main: Started @392ms
12:14:51.167 INFO - Selenium Server is up and running
2017-11-04 12:14:51.305:INFO:osjshC.ROOT:qtp673186785-14: org.openqa.selenium.remote.server.WebDriverServlet-1b7cc17c: Initialising WebDriverServlet
12:14:51.321 INFO - Binding default provider to: org.openqa.selenium.chrome.ChromeDriverService
12:14:51.336 INFO - Found handler: org.openqa.selenium.remote.server.commandhandler.BeginSession@ca46131
12:14:51.336 INFO - /session: Executing POST on /session (handler: BeginSession)
12:14:51.368 INFO - Capabilities are: Capabilities {acceptSslCerts=true, name=Learn, browserName=firefox, javascriptEnabled=true, platformName=ANY, platform=ANY, }
12:14:51.368 INFO - Capabilities {acceptSslCerts=true, name=Learn, browserName=firefox, javascriptEnabled=true, platformName=ANY, platform=ANY, } matched class org.openqa.selenium.remote.server.ServicedSession$Factory (provider: org.openqa.selenium.firefox.GeckoDriverService)
12:14:51.368 INFO - Capabilities {acceptSslCerts=true, name=Learn, browserName=firefox, javascriptEnabled=true, platformName=ANY, platform=ANY, } matched class org.openqa.selenium.remote.server.ServicedSession$Factory (provider: org.openqa.selenium.chrome.ChromeDriverService)
1509786891421	geckodriver	INFO	geckodriver 0.19.1
1509786891436	geckodriver	INFO	Listening on 127.0.0.1:39474
1509786892122	mozrunner::runner	INFO	Running command: "C:\\Program Files\\Mozilla Firefox\\firefox.exe" "-marionette" "-profile" "C:\\Users\\DZMITR~1\\AppData\\Local\\Temp\\rust_mozprofile.kXO0S6m3eiKX"
1509786892335	addons.xpi	WARN	Error parsing extensions state: [Exception... "Component returned failure code: 0x80520012 (NS_ERROR_FILE_NOT_FOUND) [amIAddonManagerStartup.readStartupData]"  nsresult: "0x80520012 (NS_ERROR_FILE_NOT_FOUND)"  location: "JS frame :: resource://gre/modules/addons/XPIProvider.jsm :: loadExtensionState :: line 1554"  data: no] Stack trace: loadExtensionState()@resource://gre/modules/addons/XPIProvider.jsm:1554 < getInstallState()@resource://gre/modules/addons/XPIProvider.jsm:1589 < checkForChanges()@resource://gre/modules/addons/XPIProvider.jsm:3109 < startup()@resource://gre/modules/addons/XPIProvider.jsm:2188 < callProvider()@resource://gre/modules/AddonManager.jsm:269 < _startProvider()@resource://gre/modules/AddonManager.jsm:739 < startup()@resource://gre/modules/AddonManager.jsm:906 < startup()@resource://gre/modules/AddonManager.jsm:3090 < observe()@jar:file:///C:/Program%20Files/Mozilla%20Firefox/omni.ja!/components/addonManager.js:65
1509786892633	Marionette	INFO	Enabled via --marionette
Unable to read VR Path Registry from C:\Users\Dzmitry_Melnikau1\AppData\Local\openvr\openvrpaths.vrpath
[Parent 2564] WARNING: pipe error: 109: file z:/build/build/src/ipc/chromium/src/chrome/common/ipc_channel_win.cc, line 346
Unable to read VR Path Registry from C:\Users\Dzmitry_Melnikau1\AppData\Local\openvr\openvrpaths.vrpath
[Child 12768] WARNING: pipe error: 109: file z:/build/build/src/ipc/chromium/src/chrome/common/ipc_channel_win.cc, line 346
[Child 12768] WARNING: pipe error: 109: file z:/build/build/src/ipc/chromium/src/chrome/common/ipc_channel_win.cc, line 346
1509786893504	Marionette	INFO	Listening on port 55092
1509786893711	Marionette	DEBUG	Register listener.js for window 4294967297
12:14:53.755 INFO - Found handler: org.openqa.selenium.remote.server.ServicedSession@4fd207f8
12:14:53.755 INFO - Handler thread for session e684a8cf-0616-45e2-84b2-e662fecdc72f (firefox): Executing POST on /session/e684a8cf-0616-45e2-84b2-e662fecdc72f/url (handler: ServicedSession)
1509786893762	Marionette	DEBUG	Received DOM event "beforeunload" for "about:blank"
1509786894349	Marionette	DEBUG	Received DOM event "pagehide" for "about:blank"
1509786894349	Marionette	DEBUG	Received DOM event "unload" for "about:blank"
1509786894445	Marionette	DEBUG	Received DOM event "DOMContentLoaded" for "https://www.google.by/?gfe_rd=cr&dcr=0&ei=DYX9Wce9M83i8AfHjLmoDw&gws_rd=ssl"
1509786895045	Marionette	DEBUG	Received DOM event "pageshow" for "https://www.google.by/?gfe_rd=cr&dcr=0&ei=DYX9Wce9M83i8AfHjLmoDw&gws_rd=ssl"
12:14:56.058 INFO - Found handler: org.openqa.selenium.remote.server.ServicedSession@4fd207f8
12:14:56.058 INFO - Handler thread for session e684a8cf-0616-45e2-84b2-e662fecdc72f (firefox): Executing POST on /session/e684a8cf-0616-45e2-84b2-e662fecdc72f/elements (handler: ServicedSession)
12:14:56.073 INFO - Found handler: org.openqa.selenium.remote.server.ServicedSession@4fd207f8
12:14:56.073 INFO - Handler thread for session e684a8cf-0616-45e2-84b2-e662fecdc72f (firefox): Executing POST on /session/e684a8cf-0616-45e2-84b2-e662fecdc72f/elements (handler: ServicedSession)
12:14:56.089 INFO - Found handler: org.openqa.selenium.remote.server.ServicedSession@4fd207f8
12:14:56.089 INFO - Handler thread for session e684a8cf-0616-45e2-84b2-e662fecdc72f (firefox): Executing GET on /session/e684a8cf-0616-45e2-84b2-e662fecdc72f/element/undefined/css/display (handler: ServicedSession)
12:14:56.109 INFO - Found handler: org.openqa.selenium.remote.server.ServicedSession@4fd207f8
12:14:56.109 INFO - Handler thread for session e684a8cf-0616-45e2-84b2-e662fecdc72f (firefox): Executing POST on /session/e684a8cf-0616-45e2-84b2-e662fecdc72f/elements (handler: ServicedSession)
12:14:56.111 INFO - Found handler: org.openqa.selenium.remote.server.ServicedSession@4fd207f8
12:14:56.111 INFO - Handler thread for session e684a8cf-0616-45e2-84b2-e662fecdc72f (firefox): Executing GET on /session/e684a8cf-0616-45e2-84b2-e662fecdc72f/element/undefined/displayed (handler: ServicedSession)
12:14:56.142 INFO - Found handler: org.openqa.selenium.remote.server.ServicedSession@4fd207f8
12:14:56.142 INFO - Handler thread for session e684a8cf-0616-45e2-84b2-e662fecdc72f (firefox): Executing DELETE on /session/e684a8cf-0616-45e2-84b2-e662fecdc72f (handler: ServicedSession)
1509786896153	Marionette	INFO	New connections will no longer be accepted
[Parent 2564] WARNING: pipe error: 109: file z:/build/build/src/ipc/chromium/src/chrome/common/ipc_channel_win.cc, line 346
12:14:56.373 INFO - Removing session org.openqa.selenium.remote.server.ServicedSession@4fd207f8
